 [PROC]  Starting process:  Main Installation Process (ID: 1727846707)
 
-------------------------------------------------------------------------

                 █████╗ ██████╗  ██████ ██╗  ██╗
                ██╔══██╗██╔══██╗██╔════╝██║  ██║
                ███████║██████╔╝██║     ███████║ 
                ██╔══██║██╔══██╗██║     ██╔══██║
                ██║  ██║██║  ██║╚██████╗██║  ██║
                ╚═╝  ╚═╝╚═╝  ╚═╝ ╚═════╝╚═╝  ╚═╝
------------------------------------------------------------------------
                 Arch Linux Installer
------------------------------------------------------------------------

 [INFO]  Welcome to the Arch Linux installer script
 [PROC]  DRY_RUN is set to: true
 [INFO]  Reading configuration from /home/ssnow/Documents/GitHub/arch-matic/install/arch_config.toml
  [OK]  Configuration loaded into: /home/ssnow/Documents/GitHub/arch-matic/install/arch_config.cfg
  [OK]  Configuration loaded successfully
  [OK]  All required scripts are present.
 [INFO]  Executing: 1-pre/pre-setup.sh
 [PROC]  Starting process:  Pre-setup (ID: 1727846707)
 
-------------------------------------------------------------------------

                 █████╗ ██████╗  ██████ ██╗  ██╗
                ██╔══██╗██╔══██╗██╔════╝██║  ██║
                ███████║██████╔╝██║     ███████║ 
                ██╔══██║██╔══██╗██║     ██╔══██║
                ██║  ██║██║  ██║╚██████╗██║  ██║
                ╚═╝  ╚═╝╚═╝  ╚═╝ ╚═════╝╚═╝  ╚═╝
------------------------------------------------------------------------
                 Pre-setup
------------------------------------------------------------------------

 [INFO]  Starting pre-setup process
 [INFO]  DRY_RUN in pre-setup.sh is set to: true
 [INFO]  Starting initial setup
 [INFO]  Starting: Initial setup
 [ACTION]  [DRY RUN] Would execute: timedatectl set-ntp true
 [ACTION]  [DRY RUN] Would execute: pacman -Sy archlinux-keyring --noconfirm
 [ACTION]  [DRY RUN] Would execute: pacman -S --noconfirm --needed pacman-contrib terminus-font rsync reflector gptfdisk btrfs-progs glibc
 [ACTION]  [DRY RUN] Would execute: setfont ter-v22b
 [ACTION]  [DRY RUN] Would execute: sed -i -e '/^#ParallelDownloads/s/^#//' -e '/^#Color/s/^#//' /etc/pacman.conf
 [ACTION]  [DRY RUN] Would execute: pacman -Syy
  [OK]  Initial setup completed Initial setup completed
 [INFO]  Starting: Mirror setup
 [ACTION]  [DRY RUN] Would execute: curl -4 'https://ifconfig.co/country-iso' > COUNTRY_ISO
 [ACTION]  [DRY RUN] Would execute: cp /etc/pacman.d/mirrorlist /etc/pacman.d/mirrorlist.backup
  [OK]  Mirror setup completed Mirror setup completed
 [INFO]  Preparing drive
  [OK]  Pre-setup process completed successfully
 [PROC]  Process completed successfully:  Pre-setup (ID: 1727846707)
 Process start 2024-10-02 05:25:07, end 2024-10-02 05:25:08, time 00:00:01
 [INFO]  All processes allmost completed.....
 [INFO]  Exit handler called with exit code:  0
 [INFO]  Script execution completed successfully
 [ACTION]  Successfully executed: /home/ssnow/Documents/GitHub/arch-matic/install/scripts/1-pre/pre-setup.sh
 [INFO]  Executing: 1-pre/run-checks.sh
 [PROC]  Starting process:  Run Checks (ID: 1727846710)
 [INFO]  Starting run checks process
 [ACTION]  Setting:  BIOS_TYPE=uefi in /home/ssnow/Documents/GitHub/arch-matic/install/arch_config.cfg
 [ACTION]  Setting:  CPU_VENDOR=amd in /home/ssnow/Documents/GitHub/arch-matic/install/arch_config.cfg
 [ACTION]  Setting:  GPU_VENDOR=amd in /home/ssnow/Documents/GitHub/arch-matic/install/arch_config.cfg
 [ACTION]  Setting:  INITRD_MICROCODE=amd-ucode.img in /home/ssnow/Documents/GitHub/arch-matic/install/arch_config.cfg
 [ACTION]  Setting:  SYSTEM_INSTALLATION=false in /home/ssnow/Documents/GitHub/arch-matic/install/arch_config.cfg
 [INFO]  Checking internet connection...
  [OK]  Internet connection is available
  [OK]  Run checks process completed successfully
 [PROC]  Process completed successfully:  Run Checks (ID: 1727846710)
 Process start 2024-10-02 05:25:10, end 2024-10-02 05:25:10, time 00:00:00
 [INFO]  All processes allmost completed.....
 [INFO]  Exit handler called with exit code:  0
 [INFO]  Script execution completed successfully
 [ACTION]  Successfully executed: /home/ssnow/Documents/GitHub/arch-matic/install/scripts/1-pre/run-checks.sh
 [INFO]  Executing: 2-drive/partition-btrfs.sh
 [PROC]  Starting process:  Partition Btrfs (ID: 1727846712)
 
-------------------------------------------------------------------------

                 █████╗ ██████╗  ██████ ██╗  ██╗
                ██╔══██╗██╔══██╗██╔════╝██║  ██║
                ███████║██████╔╝██║     ███████║ 
                ██╔══██║██╔══██╗██║     ██╔══██║
                ██║  ██║██║  ██║╚██████╗██║  ██║
                ╚═╝  ╚═╝╚═╝  ╚═╝ ╚═════╝╚═╝  ╚═╝
------------------------------------------------------------------------
                 Partition Btrfs
------------------------------------------------------------------------

 [INFO]  Starting partition btrfs process
 [INFO]  DRY_RUN in partition-btrfs.sh is set to: true
 [INFO]  Install device set to: /dev/nvme0n1
 [INFO]  Partitioning /dev/nvme0n1
 [INFO]  Starting: Partitioning
 [ACTION]  [DRY RUN] Would execute: if mountpoint -q /mnt; then umount -A --recursive /mnt; else echo '/mnt is not mounted'; fi
 [ACTION]  [DRY RUN] Would execute: sgdisk -Z /dev/nvme0n1
 [ACTION]  [DRY RUN] Would execute: sgdisk -n1:0:+1M -t1:ef02 -c1:'BIOSBOOT' /dev/nvme0n1
 [ACTION]  [DRY RUN] Would execute: sgdisk -n2:0:+512M -t2:ef00 -c2:'EFIBOOT' /dev/nvme0n1
 [ACTION]  [DRY RUN] Would execute: sgdisk -n3:0:0 -t3:8300 -c3:'ROOT' /dev/nvme0n1
  [OK]  Partitioning completed Partitioning completed
  [OK]  Partition btrfs process completed successfully
 [PROC]  Process completed successfully:  Partition Btrfs (ID: 1727846712)
 Process start 2024-10-02 05:25:12, end 2024-10-02 05:25:12, time 00:00:00
 [INFO]  All processes allmost completed.....
 [INFO]  Exit handler called with exit code:  0
 [INFO]  Script execution completed successfully
 [ACTION]  Successfully executed: /home/ssnow/Documents/GitHub/arch-matic/install/scripts/2-drive/partition-btrfs.sh
 [INFO]  Executing: 2-drive/format-btrfs.sh
 [PROC]  Starting process:  Formatting partitions btrfs (ID: 1727846714)
 
-------------------------------------------------------------------------

                 █████╗ ██████╗  ██████ ██╗  ██╗
                ██╔══██╗██╔══██╗██╔════╝██║  ██║
                ███████║██████╔╝██║     ███████║ 
                ██╔══██║██╔══██╗██║     ██╔══██║
                ██║  ██║██║  ██║╚██████╗██║  ██║
                ╚═╝  ╚═╝╚═╝  ╚═╝ ╚═════╝╚═╝  ╚═╝
------------------------------------------------------------------------
                 Formatting partitions btrfs
------------------------------------------------------------------------

 [INFO]  Starting formatting partitions btrfs process
 [INFO]  DRY_RUN in format-btrfs.sh is set to: true
 